This job name is KP_3
D	logs/job_logs_5216426.err
D	logs/job_logs_5216426.out
M	logs/job_logs_5216433.err
M	logs/job_logs_5216433.out
M	src/BRIDGE_Connection/levelset.slurm
[logs 1c46b5e] Add logs for job 5216609
 Committer: Kirsten Peterson <kp779@cn-03-13-01.mana.ci.its.hawaii.edu>
Your name and email address were configured automatically based
on your username and hostname. Please check that they are accurate.
You can suppress this message by setting them explicitly. Run the
following command and follow the instructions in your editor to edit
your configuration file:

    git config --global --edit

After doing this, you may fix the identity used for this commit with:

    git commit --amend --reset-author

 2 files changed, 17 insertions(+)
 create mode 100644 logs/job_logs_5216609.err
 create mode 100644 logs/job_logs_5216609.out
Logs pushed to 'logs' branch on GitHub.
